<?xml version="1.0" encoding="UTF-8"?>
<testsuite xmlns:xsi="http://www.w3.org/2001/XMLSchema-instance" xsi:noNamespaceSchemaLocation="https://maven.apache.org/surefire/maven-surefire-plugin/xsd/surefire-test-report-3.0.xsd" version="3.0" name="com.Test.Runners.RegisterRunner" time="201.731" tests="5" errors="0" skipped="0" failures="4">
  <properties>
[...]
</properties>
  <testcase name="runScenario" classname="com.Test.Runners.RegisterRunner" time="50.386">
    <failure message="Expected condition failed: waiting for title to contain &quot;Account&quot;. Current title: &quot;Register&quot; (tried for 30 second(s) with 500 milliseconds interval)&#10;Build info: version: &apos;3.141.59&apos;, revision: &apos;e82be7d358&apos;, time: &apos;2018-11-14T08:17:03&apos;&#10;System info: host: &apos;LAPTOP-6O86QRAT&apos;, ip: &apos;192.168.0.20&apos;, os.name: &apos;Windows 10&apos;, os.arch: &apos;amd64&apos;, os.version: &apos;10.0&apos;, java.version: &apos;14.0.1&apos;&#10;Driver info: org.openqa.selenium.chrome.ChromeDriver&#10;Capabilities {acceptInsecureCerts: true, browserName: chrome, browserVersion: 81.0.4044.129, chrome: {chromedriverVersion: 81.0.4044.138 (8c6c7ba89cc9..., userDataDir: C:\Users\sadiy\AppData\Loca...}, goog:chromeOptions: {debuggerAddress: localhost:50973}, javascriptEnabled: true, networkConnectionEnabled: false, pageLoadStrategy: normal, platform: WINDOWS, platformName: WINDOWS, proxy: Proxy(), setWindowRect: true, strictFileInteractability: false, timeouts: {implicit: 0, pageLoad: 300000, script: 30000}, unhandledPromptBehavior: dismiss and notify, webauthn:virtualAuthenticators: true}&#10;Session ID: 487833eca7b618bef9351f48d68929e7" type="org.openqa.selenium.TimeoutException"><![CDATA[org.openqa.selenium.TimeoutException: 
Expected condition failed: waiting for title to contain "Account". Current title: "Register" (tried for 30 second(s) with 500 milliseconds interval)
Build info: version: '3.141.59', revision: 'e82be7d358', time: '2018-11-14T08:17:03'
System info: host: 'LAPTOP-6O86QRAT', ip: '192.168.0.20', os.name: 'Windows 10', os.arch: 'amd64', os.version: '10.0', java.version: '14.0.1'
Driver info: org.openqa.selenium.chrome.ChromeDriver
Capabilities {acceptInsecureCerts: true, browserName: chrome, browserVersion: 81.0.4044.129, chrome: {chromedriverVersion: 81.0.4044.138 (8c6c7ba89cc9..., userDataDir: C:\Users\sadiy\AppData\Loca...}, goog:chromeOptions: {debuggerAddress: localhost:50973}, javascriptEnabled: true, networkConnectionEnabled: false, pageLoadStrategy: normal, platform: WINDOWS, platformName: WINDOWS, proxy: Proxy(), setWindowRect: true, strictFileInteractability: false, timeouts: {implicit: 0, pageLoad: 300000, script: 30000}, unhandledPromptBehavior: dismiss and notify, webauthn:virtualAuthenticators: true}
Session ID: 487833eca7b618bef9351f48d68929e7
]]></failure>
    <system-out><![CDATA[
@Register @DataTable
Scenario: Successful Single Register                  # src/test/java/com/Test/Features/Register.feature:9
  Given I navigate to the PHP travels website         # com.Test.Steps.LoginSteps.i_navigate_to_the_PHP_travels_website()
  When I click on the My Account link                 # com.Test.Steps.LoginSteps.i_click_on_the_My_Account_link()
  And click on the Signup link                        # com.Test.Steps.RegisterSteps.click_on_the_Signup_link()
  When I enter the following details in Register page # com.Test.Steps.RegisterSteps.i_enter_the_following_details_in_Register_page(io.cucumber.datatable.DataTable)
  And click on the Signup button                      # com.Test.Steps.RegisterSteps.click_on_the_Signup_button()
      org.openqa.selenium.TimeoutException: Expected condition failed: waiting for title to contain "Account". Current title: "Register" (tried for 30 second(s) with 500 milliseconds interval)
Build info: version: '3.141.59', revision: 'e82be7d358', time: '2018-11-14T08:17:03'
System info: host: 'LAPTOP-6O86QRAT', ip: '192.168.0.20', os.name: 'Windows 10', os.arch: 'amd64', os.version: '10.0', java.version: '14.0.1'
Driver info: org.openqa.selenium.chrome.ChromeDriver
Capabilities {acceptInsecureCerts: true, browserName: chrome, browserVersion: 81.0.4044.129, chrome: {chromedriverVersion: 81.0.4044.138 (8c6c7ba89cc9..., userDataDir: C:\Users\sadiy\AppData\Loca...}, goog:chromeOptions: {debuggerAddress: localhost:50973}, javascriptEnabled: true, networkConnectionEnabled: false, pageLoadStrategy: normal, platform: WINDOWS, platformName: WINDOWS, proxy: Proxy(), setWindowRect: true, strictFileInteractability: false, timeouts: {implicit: 0, pageLoad: 300000, script: 30000}, unhandledPromptBehavior: dismiss and notify, webauthn:virtualAuthenticators: true}
Session ID: 487833eca7b618bef9351f48d68929e7
	at org.openqa.selenium.support.ui.WebDriverWait.timeoutException(WebDriverWait.java:95)
	at org.openqa.selenium.support.ui.FluentWait.until(FluentWait.java:272)
	at com.Project.Framework.Factory.BasePage.navigateTo(BasePage.java:29)
	at com.Test.Steps.RegisterSteps.click_on_the_Signup_button(RegisterSteps.java:58)
	at ?.click on the Signup button(file:///C:/Users/sadiy/eclipse-workspace/CucumberProject/src/test/java/com/Test/Features/Register.feature:15)

  Then I land in the account page                     # com.Test.Steps.RegisterSteps.i_land_in_the_account_page()

    Embedding Failed Screen [image/png 108580 bytes]

]]></system-out>
    <system-err><![CDATA[Starting ChromeDriver 81.0.4044.138 (8c6c7ba89cc9453625af54f11fd83179e23450fa-refs/branch-heads/4044@{#999}) on port 22256
Only local connections are allowed.
Please protect ports used by ChromeDriver and related test frameworks to prevent access by malicious code.
May 07, 2020 10:23:51 AM org.openqa.selenium.remote.ProtocolHandshake createSession
INFO: Detected dialect: W3C
[1588843435.017][SEVERE]: Timed out receiving message from renderer: 0.100
[1588843435.213][SEVERE]: Timed out receiving message from renderer: 0.100
[1588843435.606][SEVERE]: Timed out receiving message from renderer: 0.100
[1588843436.002][SEVERE]: Timed out receiving message from renderer: 0.100
[1588843436.942][SEVERE]: Timed out receiving message from renderer: 0.100
[1588843437.352][SEVERE]: Timed out receiving message from renderer: 0.100
[1588843437.517][SEVERE]: Timed out receiving message from renderer: 0.100
[1588843437.621][SEVERE]: Timed out receiving message from renderer: 0.100
[1588843437.724][SEVERE]: Timed out receiving message from renderer: 0.100
[1588843437.826][SEVERE]: Timed out receiving message from renderer: 0.100
[1588843437.933][SEVERE]: Timed out receiving message from renderer: 0.100
[1588843438.035][SEVERE]: Timed out receiving message from renderer: 0.100
[1588843438.137][SEVERE]: Timed out receiving message from renderer: 0.100
[1588843438.255][SEVERE]: Timed out receiving message from renderer: 0.100
[1588843439.408][SEVERE]: Timed out receiving message from renderer: 0.100
[1588843439.802][SEVERE]: Timed out receiving message from renderer: 0.100
[1588843440.023][SEVERE]: Timed out receiving message from renderer: 0.100
[1588843440.124][SEVERE]: Timed out receiving message from renderer: 0.100
[1588843440.234][SEVERE]: Timed out receiving message from renderer: 0.100
[1588843440.337][SEVERE]: Timed out receiving message from renderer: 0.100
]]></system-err>
  </testcase>
  <testcase name="runScenario" classname="com.Test.Runners.RegisterRunner" time="44.763">
    <failure message="Expected condition failed: waiting for title to contain &quot;Account&quot;. Current title: &quot;Register&quot; (tried for 30 second(s) with 500 milliseconds interval)&#10;Build info: version: &apos;3.141.59&apos;, revision: &apos;e82be7d358&apos;, time: &apos;2018-11-14T08:17:03&apos;&#10;System info: host: &apos;LAPTOP-6O86QRAT&apos;, ip: &apos;192.168.0.20&apos;, os.name: &apos;Windows 10&apos;, os.arch: &apos;amd64&apos;, os.version: &apos;10.0&apos;, java.version: &apos;14.0.1&apos;&#10;Driver info: org.openqa.selenium.chrome.ChromeDriver&#10;Capabilities {acceptInsecureCerts: true, browserName: chrome, browserVersion: 81.0.4044.129, chrome: {chromedriverVersion: 81.0.4044.138 (8c6c7ba89cc9..., userDataDir: C:\Users\sadiy\AppData\Loca...}, goog:chromeOptions: {debuggerAddress: localhost:51150}, javascriptEnabled: true, networkConnectionEnabled: false, pageLoadStrategy: normal, platform: WINDOWS, platformName: WINDOWS, proxy: Proxy(), setWindowRect: true, strictFileInteractability: false, timeouts: {implicit: 0, pageLoad: 300000, script: 30000}, unhandledPromptBehavior: dismiss and notify, webauthn:virtualAuthenticators: true}&#10;Session ID: d10d3140010616d32fd27ec61b0900d1" type="org.openqa.selenium.TimeoutException"><![CDATA[org.openqa.selenium.TimeoutException: 
Expected condition failed: waiting for title to contain "Account". Current title: "Register" (tried for 30 second(s) with 500 milliseconds interval)
Build info: version: '3.141.59', revision: 'e82be7d358', time: '2018-11-14T08:17:03'
System info: host: 'LAPTOP-6O86QRAT', ip: '192.168.0.20', os.name: 'Windows 10', os.arch: 'amd64', os.version: '10.0', java.version: '14.0.1'
Driver info: org.openqa.selenium.chrome.ChromeDriver
Capabilities {acceptInsecureCerts: true, browserName: chrome, browserVersion: 81.0.4044.129, chrome: {chromedriverVersion: 81.0.4044.138 (8c6c7ba89cc9..., userDataDir: C:\Users\sadiy\AppData\Loca...}, goog:chromeOptions: {debuggerAddress: localhost:51150}, javascriptEnabled: true, networkConnectionEnabled: false, pageLoadStrategy: normal, platform: WINDOWS, platformName: WINDOWS, proxy: Proxy(), setWindowRect: true, strictFileInteractability: false, timeouts: {implicit: 0, pageLoad: 300000, script: 30000}, unhandledPromptBehavior: dismiss and notify, webauthn:virtualAuthenticators: true}
Session ID: d10d3140010616d32fd27ec61b0900d1
]]></failure>
    <system-out><![CDATA[
@Register @ExampleTable
Scenario Outline: Successful Multiple Register                                                                          # src/test/java/com/Test/Features/Register.feature:28
  Given I navigate to the PHP travels website                                                                           # com.Test.Steps.LoginSteps.i_navigate_to_the_PHP_travels_website()
  When I click on the My Account link                                                                                   # com.Test.Steps.LoginSteps.i_click_on_the_My_Account_link()
  And click on the Signup link                                                                                          # com.Test.Steps.RegisterSteps.click_on_the_Signup_link()
  When I enter the "firsttest1" "lasttest1" "9876543456" "firstlast1@test.com" "testtest1" "testtest1" in Register page # com.Test.Steps.RegisterSteps.i_enter_the_in_Register_page(java.lang.String,java.lang.String,java.lang.String,java.lang.String,java.lang.String,java.lang.String)
  And click on the Signup button                                                                                        # com.Test.Steps.RegisterSteps.click_on_the_Signup_button()
      org.openqa.selenium.TimeoutException: Expected condition failed: waiting for title to contain "Account". Current title: "Register" (tried for 30 second(s) with 500 milliseconds interval)
Build info: version: '3.141.59', revision: 'e82be7d358', time: '2018-11-14T08:17:03'
System info: host: 'LAPTOP-6O86QRAT', ip: '192.168.0.20', os.name: 'Windows 10', os.arch: 'amd64', os.version: '10.0', java.version: '14.0.1'
Driver info: org.openqa.selenium.chrome.ChromeDriver
Capabilities {acceptInsecureCerts: true, browserName: chrome, browserVersion: 81.0.4044.129, chrome: {chromedriverVersion: 81.0.4044.138 (8c6c7ba89cc9..., userDataDir: C:\Users\sadiy\AppData\Loca...}, goog:chromeOptions: {debuggerAddress: localhost:51150}, javascriptEnabled: true, networkConnectionEnabled: false, pageLoadStrategy: normal, platform: WINDOWS, platformName: WINDOWS, proxy: Proxy(), setWindowRect: true, strictFileInteractability: false, timeouts: {implicit: 0, pageLoad: 300000, script: 30000}, unhandledPromptBehavior: dismiss and notify, webauthn:virtualAuthenticators: true}
Session ID: d10d3140010616d32fd27ec61b0900d1
	at org.openqa.selenium.support.ui.WebDriverWait.timeoutException(WebDriverWait.java:95)
	at org.openqa.selenium.support.ui.FluentWait.until(FluentWait.java:272)
	at com.Project.Framework.Factory.BasePage.navigateTo(BasePage.java:29)
	at com.Test.Steps.RegisterSteps.click_on_the_Signup_button(RegisterSteps.java:58)
	at ?.click on the Signup button(file:///C:/Users/sadiy/eclipse-workspace/CucumberProject/src/test/java/com/Test/Features/Register.feature:23)

  Then I land in the account page                                                                                       # com.Test.Steps.RegisterSteps.i_land_in_the_account_page()

    Embedding Failed Screen [image/png 108351 bytes]

]]></system-out>
    <system-err><![CDATA[Starting ChromeDriver 81.0.4044.138 (8c6c7ba89cc9453625af54f11fd83179e23450fa-refs/branch-heads/4044@{#999}) on port 25803
Only local connections are allowed.
Please protect ports used by ChromeDriver and related test frameworks to prevent access by malicious code.
May 07, 2020 10:24:39 AM org.openqa.selenium.remote.ProtocolHandshake createSession
INFO: Detected dialect: W3C
[1588843482.021][SEVERE]: Timed out receiving message from renderer: 0.100
[1588843482.181][SEVERE]: Timed out receiving message from renderer: 0.100
[1588843482.284][SEVERE]: Timed out receiving message from renderer: 0.100
[1588843482.523][SEVERE]: Timed out receiving message from renderer: 0.100
[1588843482.904][SEVERE]: Timed out receiving message from renderer: 0.100
[1588843483.056][SEVERE]: Timed out receiving message from renderer: 0.100
[1588843483.270][SEVERE]: Timed out receiving message from renderer: 0.100
[1588843483.457][SEVERE]: Timed out receiving message from renderer: 0.100
[1588843483.857][SEVERE]: Timed out receiving message from renderer: 0.100
[1588843484.040][SEVERE]: Timed out receiving message from renderer: 0.100
[1588843484.142][SEVERE]: Timed out receiving message from renderer: 0.100
[1588843484.245][SEVERE]: Timed out receiving message from renderer: 0.100
[1588843484.348][SEVERE]: Timed out receiving message from renderer: 0.100
[1588843485.455][SEVERE]: Timed out receiving message from renderer: 0.100
]]></system-err>
  </testcase>
  <testcase name="runScenario" classname="com.Test.Runners.RegisterRunner" time="44.737">
    <failure message="Expected condition failed: waiting for title to contain &quot;Account&quot;. Current title: &quot;Register&quot; (tried for 30 second(s) with 500 milliseconds interval)&#10;Build info: version: &apos;3.141.59&apos;, revision: &apos;e82be7d358&apos;, time: &apos;2018-11-14T08:17:03&apos;&#10;System info: host: &apos;LAPTOP-6O86QRAT&apos;, ip: &apos;192.168.0.20&apos;, os.name: &apos;Windows 10&apos;, os.arch: &apos;amd64&apos;, os.version: &apos;10.0&apos;, java.version: &apos;14.0.1&apos;&#10;Driver info: org.openqa.selenium.chrome.ChromeDriver&#10;Capabilities {acceptInsecureCerts: true, browserName: chrome, browserVersion: 81.0.4044.129, chrome: {chromedriverVersion: 81.0.4044.138 (8c6c7ba89cc9..., userDataDir: C:\Users\sadiy\AppData\Loca...}, goog:chromeOptions: {debuggerAddress: localhost:51185}, javascriptEnabled: true, networkConnectionEnabled: false, pageLoadStrategy: normal, platform: WINDOWS, platformName: WINDOWS, proxy: Proxy(), setWindowRect: true, strictFileInteractability: false, timeouts: {implicit: 0, pageLoad: 300000, script: 30000}, unhandledPromptBehavior: dismiss and notify, webauthn:virtualAuthenticators: true}&#10;Session ID: cbd97eca900dd901091b7ecb37cbc619" type="org.openqa.selenium.TimeoutException"><![CDATA[org.openqa.selenium.TimeoutException: 
Expected condition failed: waiting for title to contain "Account". Current title: "Register" (tried for 30 second(s) with 500 milliseconds interval)
Build info: version: '3.141.59', revision: 'e82be7d358', time: '2018-11-14T08:17:03'
System info: host: 'LAPTOP-6O86QRAT', ip: '192.168.0.20', os.name: 'Windows 10', os.arch: 'amd64', os.version: '10.0', java.version: '14.0.1'
Driver info: org.openqa.selenium.chrome.ChromeDriver
Capabilities {acceptInsecureCerts: true, browserName: chrome, browserVersion: 81.0.4044.129, chrome: {chromedriverVersion: 81.0.4044.138 (8c6c7ba89cc9..., userDataDir: C:\Users\sadiy\AppData\Loca...}, goog:chromeOptions: {debuggerAddress: localhost:51185}, javascriptEnabled: true, networkConnectionEnabled: false, pageLoadStrategy: normal, platform: WINDOWS, platformName: WINDOWS, proxy: Proxy(), setWindowRect: true, strictFileInteractability: false, timeouts: {implicit: 0, pageLoad: 300000, script: 30000}, unhandledPromptBehavior: dismiss and notify, webauthn:virtualAuthenticators: true}
Session ID: cbd97eca900dd901091b7ecb37cbc619
]]></failure>
    <system-out><![CDATA[
@Register @ExampleTable
Scenario Outline: Successful Multiple Register                                                                          # src/test/java/com/Test/Features/Register.feature:29
  Given I navigate to the PHP travels website                                                                           # com.Test.Steps.LoginSteps.i_navigate_to_the_PHP_travels_website()
  When I click on the My Account link                                                                                   # com.Test.Steps.LoginSteps.i_click_on_the_My_Account_link()
  And click on the Signup link                                                                                          # com.Test.Steps.RegisterSteps.click_on_the_Signup_link()
  When I enter the "firsttest1" "lasttest1" "9876543456" "firstlast2@test.com" "testtest1" "testtest1" in Register page # com.Test.Steps.RegisterSteps.i_enter_the_in_Register_page(java.lang.String,java.lang.String,java.lang.String,java.lang.String,java.lang.String,java.lang.String)
  And click on the Signup button                                                                                        # com.Test.Steps.RegisterSteps.click_on_the_Signup_button()
      org.openqa.selenium.TimeoutException: Expected condition failed: waiting for title to contain "Account". Current title: "Register" (tried for 30 second(s) with 500 milliseconds interval)
Build info: version: '3.141.59', revision: 'e82be7d358', time: '2018-11-14T08:17:03'
System info: host: 'LAPTOP-6O86QRAT', ip: '192.168.0.20', os.name: 'Windows 10', os.arch: 'amd64', os.version: '10.0', java.version: '14.0.1'
Driver info: org.openqa.selenium.chrome.ChromeDriver
Capabilities {acceptInsecureCerts: true, browserName: chrome, browserVersion: 81.0.4044.129, chrome: {chromedriverVersion: 81.0.4044.138 (8c6c7ba89cc9..., userDataDir: C:\Users\sadiy\AppData\Loca...}, goog:chromeOptions: {debuggerAddress: localhost:51185}, javascriptEnabled: true, networkConnectionEnabled: false, pageLoadStrategy: normal, platform: WINDOWS, platformName: WINDOWS, proxy: Proxy(), setWindowRect: true, strictFileInteractability: false, timeouts: {implicit: 0, pageLoad: 300000, script: 30000}, unhandledPromptBehavior: dismiss and notify, webauthn:virtualAuthenticators: true}
Session ID: cbd97eca900dd901091b7ecb37cbc619
	at org.openqa.selenium.support.ui.WebDriverWait.timeoutException(WebDriverWait.java:95)
	at org.openqa.selenium.support.ui.FluentWait.until(FluentWait.java:272)
	at com.Project.Framework.Factory.BasePage.navigateTo(BasePage.java:29)
	at com.Test.Steps.RegisterSteps.click_on_the_Signup_button(RegisterSteps.java:58)
	at ?.click on the Signup button(file:///C:/Users/sadiy/eclipse-workspace/CucumberProject/src/test/java/com/Test/Features/Register.feature:23)

  Then I land in the account page                                                                                       # com.Test.Steps.RegisterSteps.i_land_in_the_account_page()

    Embedding Failed Screen [image/png 108526 bytes]

]]></system-out>
    <system-err><![CDATA[Starting ChromeDriver 81.0.4044.138 (8c6c7ba89cc9453625af54f11fd83179e23450fa-refs/branch-heads/4044@{#999}) on port 44712
Only local connections are allowed.
Please protect ports used by ChromeDriver and related test frameworks to prevent access by malicious code.
May 07, 2020 10:25:23 AM org.openqa.selenium.remote.ProtocolHandshake createSession
INFO: Detected dialect: W3C
[1588843526.817][SEVERE]: Timed out receiving message from renderer: 0.100
[1588843526.920][SEVERE]: Timed out receiving message from renderer: 0.100
[1588843527.023][SEVERE]: Timed out receiving message from renderer: 0.100
[1588843527.180][SEVERE]: Timed out receiving message from renderer: 0.100
[1588843527.283][SEVERE]: Timed out receiving message from renderer: 0.100
[1588843527.403][SEVERE]: Timed out receiving message from renderer: 0.100
[1588843527.870][SEVERE]: Timed out receiving message from renderer: 0.100
[1588843527.972][SEVERE]: Timed out receiving message from renderer: 0.100
[1588843528.290][SEVERE]: Timed out receiving message from renderer: 0.100
[1588843528.458][SEVERE]: Timed out receiving message from renderer: 0.100
[1588843528.638][SEVERE]: Timed out receiving message from renderer: 0.100
[1588843528.740][SEVERE]: Timed out receiving message from renderer: 0.100
[1588843528.845][SEVERE]: Timed out receiving message from renderer: 0.100
[1588843528.946][SEVERE]: Timed out receiving message from renderer: 0.100
[1588843530.358][SEVERE]: Timed out receiving message from renderer: 0.100
[1588843530.535][SEVERE]: Timed out receiving message from renderer: 0.100
[1588843530.637][SEVERE]: Timed out receiving message from renderer: 0.100
[1588843530.740][SEVERE]: Timed out receiving message from renderer: 0.100
]]></system-err>
  </testcase>
  <testcase name="runScenario" classname="com.Test.Runners.RegisterRunner" time="45.071">
    <failure message="Expected condition failed: waiting for title to contain &quot;Account&quot;. Current title: &quot;Register&quot; (tried for 30 second(s) with 500 milliseconds interval)&#10;Build info: version: &apos;3.141.59&apos;, revision: &apos;e82be7d358&apos;, time: &apos;2018-11-14T08:17:03&apos;&#10;System info: host: &apos;LAPTOP-6O86QRAT&apos;, ip: &apos;192.168.0.20&apos;, os.name: &apos;Windows 10&apos;, os.arch: &apos;amd64&apos;, os.version: &apos;10.0&apos;, java.version: &apos;14.0.1&apos;&#10;Driver info: org.openqa.selenium.chrome.ChromeDriver&#10;Capabilities {acceptInsecureCerts: true, browserName: chrome, browserVersion: 81.0.4044.129, chrome: {chromedriverVersion: 81.0.4044.138 (8c6c7ba89cc9..., userDataDir: C:\Users\sadiy\AppData\Loca...}, goog:chromeOptions: {debuggerAddress: localhost:51221}, javascriptEnabled: true, networkConnectionEnabled: false, pageLoadStrategy: normal, platform: WINDOWS, platformName: WINDOWS, proxy: Proxy(), setWindowRect: true, strictFileInteractability: false, timeouts: {implicit: 0, pageLoad: 300000, script: 30000}, unhandledPromptBehavior: dismiss and notify, webauthn:virtualAuthenticators: true}&#10;Session ID: f77ffe092dd6edd138d8db7a94cdc537" type="org.openqa.selenium.TimeoutException"><![CDATA[org.openqa.selenium.TimeoutException: 
Expected condition failed: waiting for title to contain "Account". Current title: "Register" (tried for 30 second(s) with 500 milliseconds interval)
Build info: version: '3.141.59', revision: 'e82be7d358', time: '2018-11-14T08:17:03'
System info: host: 'LAPTOP-6O86QRAT', ip: '192.168.0.20', os.name: 'Windows 10', os.arch: 'amd64', os.version: '10.0', java.version: '14.0.1'
Driver info: org.openqa.selenium.chrome.ChromeDriver
Capabilities {acceptInsecureCerts: true, browserName: chrome, browserVersion: 81.0.4044.129, chrome: {chromedriverVersion: 81.0.4044.138 (8c6c7ba89cc9..., userDataDir: C:\Users\sadiy\AppData\Loca...}, goog:chromeOptions: {debuggerAddress: localhost:51221}, javascriptEnabled: true, networkConnectionEnabled: false, pageLoadStrategy: normal, platform: WINDOWS, platformName: WINDOWS, proxy: Proxy(), setWindowRect: true, strictFileInteractability: false, timeouts: {implicit: 0, pageLoad: 300000, script: 30000}, unhandledPromptBehavior: dismiss and notify, webauthn:virtualAuthenticators: true}
Session ID: f77ffe092dd6edd138d8db7a94cdc537
]]></failure>
    <system-out><![CDATA[
@Register @ExampleTable
Scenario Outline: Successful Multiple Register                                                                          # src/test/java/com/Test/Features/Register.feature:30
  Given I navigate to the PHP travels website                                                                           # com.Test.Steps.LoginSteps.i_navigate_to_the_PHP_travels_website()
  When I click on the My Account link                                                                                   # com.Test.Steps.LoginSteps.i_click_on_the_My_Account_link()
  And click on the Signup link                                                                                          # com.Test.Steps.RegisterSteps.click_on_the_Signup_link()
  When I enter the "firsttest1" "lasttest1" "9876543456" "firstlast3@test.com" "testtest1" "testtest1" in Register page # com.Test.Steps.RegisterSteps.i_enter_the_in_Register_page(java.lang.String,java.lang.String,java.lang.String,java.lang.String,java.lang.String,java.lang.String)
  And click on the Signup button                                                                                        # com.Test.Steps.RegisterSteps.click_on_the_Signup_button()
      org.openqa.selenium.TimeoutException: Expected condition failed: waiting for title to contain "Account". Current title: "Register" (tried for 30 second(s) with 500 milliseconds interval)
Build info: version: '3.141.59', revision: 'e82be7d358', time: '2018-11-14T08:17:03'
System info: host: 'LAPTOP-6O86QRAT', ip: '192.168.0.20', os.name: 'Windows 10', os.arch: 'amd64', os.version: '10.0', java.version: '14.0.1'
Driver info: org.openqa.selenium.chrome.ChromeDriver
Capabilities {acceptInsecureCerts: true, browserName: chrome, browserVersion: 81.0.4044.129, chrome: {chromedriverVersion: 81.0.4044.138 (8c6c7ba89cc9..., userDataDir: C:\Users\sadiy\AppData\Loca...}, goog:chromeOptions: {debuggerAddress: localhost:51221}, javascriptEnabled: true, networkConnectionEnabled: false, pageLoadStrategy: normal, platform: WINDOWS, platformName: WINDOWS, proxy: Proxy(), setWindowRect: true, strictFileInteractability: false, timeouts: {implicit: 0, pageLoad: 300000, script: 30000}, unhandledPromptBehavior: dismiss and notify, webauthn:virtualAuthenticators: true}
Session ID: f77ffe092dd6edd138d8db7a94cdc537
	at org.openqa.selenium.support.ui.WebDriverWait.timeoutException(WebDriverWait.java:95)
	at org.openqa.selenium.support.ui.FluentWait.until(FluentWait.java:272)
	at com.Project.Framework.Factory.BasePage.navigateTo(BasePage.java:29)
	at com.Test.Steps.RegisterSteps.click_on_the_Signup_button(RegisterSteps.java:58)
	at ?.click on the Signup button(file:///C:/Users/sadiy/eclipse-workspace/CucumberProject/src/test/java/com/Test/Features/Register.feature:23)

  Then I land in the account page                                                                                       # com.Test.Steps.RegisterSteps.i_land_in_the_account_page()

    Embedding Failed Screen [image/png 108575 bytes]

]]></system-out>
    <system-err><![CDATA[Starting ChromeDriver 81.0.4044.138 (8c6c7ba89cc9453625af54f11fd83179e23450fa-refs/branch-heads/4044@{#999}) on port 22728
Only local connections are allowed.
Please protect ports used by ChromeDriver and related test frameworks to prevent access by malicious code.
May 07, 2020 10:26:08 AM org.openqa.selenium.remote.ProtocolHandshake createSession
INFO: Detected dialect: W3C
[1588843571.545][SEVERE]: Timed out receiving message from renderer: 0.100
[1588843571.648][SEVERE]: Timed out receiving message from renderer: 0.100
[1588843571.750][SEVERE]: Timed out receiving message from renderer: 0.100
[1588843572.077][SEVERE]: Timed out receiving message from renderer: 0.100
[1588843572.812][SEVERE]: Timed out receiving message from renderer: 0.100
[1588843572.924][SEVERE]: Timed out receiving message from renderer: 0.100
[1588843573.027][SEVERE]: Timed out receiving message from renderer: 0.100
[1588843573.129][SEVERE]: Timed out receiving message from renderer: 0.100
[1588843573.232][SEVERE]: Timed out receiving message from renderer: 0.100
[1588843573.433][SEVERE]: Timed out receiving message from renderer: 0.100
[1588843573.536][SEVERE]: Timed out receiving message from renderer: 0.100
[1588843573.691][SEVERE]: Timed out receiving message from renderer: 0.100
[1588843573.848][SEVERE]: Timed out receiving message from renderer: 0.100
[1588843573.952][SEVERE]: Timed out receiving message from renderer: 0.100
[1588843574.054][SEVERE]: Timed out receiving message from renderer: 0.100
[1588843574.167][SEVERE]: Timed out receiving message from renderer: 0.100
[1588843575.176][SEVERE]: Timed out receiving message from renderer: 0.100
[1588843575.685][SEVERE]: Timed out receiving message from renderer: 0.100
[1588843575.788][SEVERE]: Timed out receiving message from renderer: 0.100
[1588843575.890][SEVERE]: Timed out receiving message from renderer: 0.100
]]></system-err>
  </testcase>
  <testcase name="runScenario" classname="com.Test.Runners.RegisterRunner" time="15.683"/>
</testsuite>