<?xml version="1.0" encoding="UTF-8"?>
<testng-results ignored="0" total="2" passed="2" failed="0" skipped="0">
  <reporter-output>
  </reporter-output>
  <suite started-at="2020-05-05T17:06:23 BST" name="Default suite" finished-at="2020-05-05T17:06:54 BST" duration-ms="31389">
    <groups>
      <group name="cucumber">
        <method signature="AbstractTestNGCucumberTests.runScenario(io.cucumber.testng.PickleWrapper, io.cucumber.testng.FeatureWrapper)[pri:0, instance:com.Test.Runners.GenericRunner@ef9296d]" name="runScenario" class="io.cucumber.testng.AbstractTestNGCucumberTests"/>
      </group> <!-- cucumber -->
    </groups>
    <test started-at="2020-05-05T17:06:23 BST" name="Default test" finished-at="2020-05-05T17:06:54 BST" duration-ms="31389">
      <class name="com.Test.Runners.GenericRunner">
        <test-method is-config="true" signature="setUpClass()[pri:0, instance:com.Test.Runners.GenericRunner@ef9296d]" started-at="2020-05-05T17:06:23 BST" name="setUpClass" finished-at="2020-05-05T17:06:23 BST" duration-ms="236" status="PASS">
          <reporter-output>
          </reporter-output>
        </test-method> <!-- setUpClass -->
        <test-method signature="runScenario(io.cucumber.testng.PickleWrapper, io.cucumber.testng.FeatureWrapper)[pri:0, instance:com.Test.Runners.GenericRunner@ef9296d]" started-at="2020-05-05T17:06:23 BST" name="runScenario" description="Runs Cucumber Scenarios" data-provider="scenarios" finished-at="2020-05-05T17:06:40 BST" duration-ms="16667" status="PASS">
          <params>
            <param index="0">
              <value>
                <![CDATA["Successful Login"]]>
              </value>
            </param>
            <param index="1">
              <value>
                <![CDATA["Validate the Login functionality of PHP Travels User for positive and negative scenarios"]]>
              </value>
            </param>
          </params>
          <reporter-output>
          </reporter-output>
        </test-method> <!-- runScenario -->
        <test-method signature="runScenario(io.cucumber.testng.PickleWrapper, io.cucumber.testng.FeatureWrapper)[pri:0, instance:com.Test.Runners.GenericRunner@ef9296d]" started-at="2020-05-05T17:06:40 BST" name="runScenario" description="Runs Cucumber Scenarios" data-provider="scenarios" finished-at="2020-05-05T17:06:54 BST" duration-ms="14333" status="PASS">
          <params>
            <param index="0">
              <value>
                <![CDATA["Unsuccessful Login"]]>
              </value>
            </param>
            <param index="1">
              <value>
                <![CDATA["Validate the Login functionality of PHP Travels User for positive and negative scenarios"]]>
              </value>
            </param>
          </params>
          <reporter-output>
          </reporter-output>
        </test-method> <!-- runScenario -->
        <test-method is-config="true" signature="tearDownClass()[pri:0, instance:com.Test.Runners.GenericRunner@ef9296d]" started-at="2020-05-05T17:06:54 BST" name="tearDownClass" finished-at="2020-05-05T17:06:54 BST" duration-ms="68" status="PASS">
          <reporter-output>
          </reporter-output>
        </test-method> <!-- tearDownClass -->
      </class> <!-- com.Test.Runners.GenericRunner -->
    </test> <!-- Default test -->
  </suite> <!-- Default suite -->
</testng-results>
